<?xml version="1.0" encoding="UTF-8"?>
<!-- Generated by org.testng.reporters.JUnitReportReporter -->
<testsuite hostname="LTIN281028" failures="0" tests="14" name="TestCases.TestCases" time="-1709104512.000" errors="1" timestamp="2024-02-28T12:45:36 IST" skipped="13">
  <testcase classname="TestCases.TestCases" name="setupDriver" time="-1709104512.000">
    <error message="
Parameter &#039;os&#039; is required by BeforeTest on method setupDriver but has not been marked @Optional or defined
" type="org.testng.TestNGException">
      <![CDATA[org.testng.TestNGException: 
Parameter 'os' is required by BeforeTest on method setupDriver but has not been marked @Optional or defined

at org.testng.internal.Parameters.createParams(Parameters.java:270)
at org.testng.internal.Parameters.createParametersForMethod(Parameters.java:358)
at org.testng.internal.Parameters.createParameters(Parameters.java:700)
at org.testng.internal.Parameters.createConfigurationParameters(Parameters.java:168)
at org.testng.internal.ConfigInvoker.invokeConfigurations(ConfigInvoker.java:302)
at org.testng.TestRunner.invokeTestConfigurations(TestRunner.java:637)
at org.testng.TestRunner.beforeRun(TestRunner.java:627)
at org.testng.TestRunner.run(TestRunner.java:589)
at org.testng.SuiteRunner.runTest(SuiteRunner.java:377)
at org.testng.SuiteRunner.runSequentially(SuiteRunner.java:371)
at org.testng.SuiteRunner.privateRun(SuiteRunner.java:332)
at org.testng.SuiteRunner.run(SuiteRunner.java:276)
at org.testng.SuiteRunnerWorker.runSuite(SuiteRunnerWorker.java:53)
at org.testng.SuiteRunnerWorker.run(SuiteRunnerWorker.java:96)
at org.testng.TestNG.runSuitesSequentially(TestNG.java:1212)
at org.testng.TestNG.runSuitesLocally(TestNG.java:1134)
at org.testng.TestNG.runSuites(TestNG.java:1063)
at org.testng.TestNG.run(TestNG.java:1031)
at org.apache.maven.surefire.testng.TestNGExecutor.run(TestNGExecutor.java:155)
at org.apache.maven.surefire.testng.TestNGDirectoryTestSuite.executeMulti(TestNGDirectoryTestSuite.java:169)
at org.apache.maven.surefire.testng.TestNGDirectoryTestSuite.execute(TestNGDirectoryTestSuite.java:88)
at org.apache.maven.surefire.testng.TestNGProvider.invoke(TestNGProvider.java:137)
at org.apache.maven.surefire.booter.ForkedBooter.runSuitesInProcess(ForkedBooter.java:385)
at org.apache.maven.surefire.booter.ForkedBooter.execute(ForkedBooter.java:162)
at org.apache.maven.surefire.booter.ForkedBooter.run(ForkedBooter.java:507)
at org.apache.maven.surefire.booter.ForkedBooter.main(ForkedBooter.java:495)
]]>
    </error>
  </testcase> <!-- setupDriver -->
  <system-out/>
  <testcase classname="TestCases.TestCases" name="TC_001_verifyPractoPage" time="0.000">
    <skipped/>
  </testcase> <!-- TC_001_verifyPractoPage -->
  <system-out/>
  <testcase classname="TestCases.TestCases" name="TC_002_verifyFindDoctorbtn" time="0.000">
    <skipped/>
  </testcase> <!-- TC_002_verifyFindDoctorbtn -->
  <system-out/>
  <testcase classname="TestCases.TestCases" name="TC_003_searchCity" time="0.000">
    <skipped/>
  </testcase> <!-- TC_003_searchCity -->
  <system-out/>
  <testcase classname="TestCases.TestCases" name="TC_004_searchSpecialityDentist" time="0.000">
    <skipped/>
  </testcase> <!-- TC_004_searchSpecialityDentist -->
  <system-out/>
  <testcase classname="TestCases.TestCases" name="TC_005_selectPatientStory" time="0.000">
    <skipped/>
  </testcase> <!-- TC_005_selectPatientStory -->
  <system-out/>
  <testcase classname="TestCases.TestCases" name="TC_006_selectExperience" time="0.000">
    <skipped/>
  </testcase> <!-- TC_006_selectExperience -->
  <system-out/>
  <testcase classname="TestCases.TestCases" name="TC_007_selectFeesandAvailability" time="0.000">
    <skipped/>
  </testcase> <!-- TC_007_selectFeesandAvailability -->
  <system-out/>
  <testcase classname="TestCases.TestCases" name="TC_008_selectRelevance" time="0.000">
    <skipped/>
  </testcase> <!-- TC_008_selectRelevance -->
  <system-out/>
  <testcase classname="TestCases.TestCases" name="TC_09_extractDoctorDetails" time="0.000">
    <skipped/>
  </testcase> <!-- TC_09_extractDoctorDetails -->
  <system-out/>
  <testcase classname="TestCases.TestCases" name="TC_010_displayAllSurgeries" time="0.000">
    <skipped/>
  </testcase> <!-- TC_010_displayAllSurgeries -->
  <system-out/>
  <testcase classname="TestCases.TestCases" name="TC_011_verifywithInavlidPhoneNumber" time="0.000">
    <skipped/>
  </testcase> <!-- TC_011_verifywithInavlidPhoneNumber -->
  <system-out/>
  <testcase classname="TestCases.TestCases" name="TC_012_verifywithInvalidEmailId" time="0.000">
    <skipped/>
  </testcase> <!-- TC_012_verifywithInvalidEmailId -->
  <system-out/>
  <testcase classname="TestCases.TestCases" name="TC_013_verifywithValidInfo" time="0.000">
    <skipped/>
  </testcase> <!-- TC_013_verifywithValidInfo -->
  <system-out/>
</testsuite> <!-- TestCases.TestCases -->
