<?xml version="1.0" encoding="UTF-8"?>
<!-- Generated by org.testng.reporters.JUnitXMLReporter -->
<testsuite ignored="0" hostname="LTIN281028" failures="0" tests="13" name="Surefire test" time="0.144" errors="0" timestamp="2024-02-28T12:45:36 IST">
  <testcase classname="TestBase.BaseClass" name="@BeforeTest setupDriver" time="-1.709104536668E9">
    <failure type="org.testng.TestNGException" message="
Parameter &amp;apos;os&amp;apos; is required by BeforeTest on method setupDriver but has not been marked @Optional or defined
">
      <![CDATA[org.testng.TestNGException: 
Parameter 'os' is required by BeforeTest on method setupDriver but has not been marked @Optional or defined

... Removed 26 stack frames]]>
    </failure>
  </testcase> <!-- @BeforeTest setupDriver -->
  <testcase classname="TestBase.BaseClass" name="@AfterTest tearDown" time="-1.709104536803E9">
    <skipped/>
  </testcase> <!-- @AfterTest tearDown -->
  <testcase classname="TestCases.TestCases" name="TC_001_verifyPractoPage" time="0.0">
    <skipped/>
  </testcase> <!-- TC_001_verifyPractoPage -->
  <testcase classname="TestCases.TestCases" name="TC_002_verifyFindDoctorbtn" time="0.0">
    <skipped/>
  </testcase> <!-- TC_002_verifyFindDoctorbtn -->
  <testcase classname="TestCases.TestCases" name="TC_003_searchCity" time="0.0">
    <skipped/>
  </testcase> <!-- TC_003_searchCity -->
  <testcase classname="TestCases.TestCases" name="TC_004_searchSpecialityDentist" time="0.0">
    <skipped/>
  </testcase> <!-- TC_004_searchSpecialityDentist -->
  <testcase classname="TestCases.TestCases" name="TC_005_selectPatientStory" time="0.0">
    <skipped/>
  </testcase> <!-- TC_005_selectPatientStory -->
  <testcase classname="TestCases.TestCases" name="TC_006_selectExperience" time="0.0">
    <skipped/>
  </testcase> <!-- TC_006_selectExperience -->
  <testcase classname="TestCases.TestCases" name="TC_007_selectFeesandAvailability" time="0.0">
    <skipped/>
  </testcase> <!-- TC_007_selectFeesandAvailability -->
  <testcase classname="TestCases.TestCases" name="TC_008_selectRelevance" time="0.0">
    <skipped/>
  </testcase> <!-- TC_008_selectRelevance -->
  <testcase classname="TestCases.TestCases" name="TC_09_extractDoctorDetails" time="0.0">
    <skipped/>
  </testcase> <!-- TC_09_extractDoctorDetails -->
  <testcase classname="TestCases.TestCases" name="TC_010_displayAllSurgeries" time="0.0">
    <skipped/>
  </testcase> <!-- TC_010_displayAllSurgeries -->
  <testcase classname="TestCases.TestCases" name="TC_011_verifywithInavlidPhoneNumber" time="0.0">
    <skipped/>
  </testcase> <!-- TC_011_verifywithInavlidPhoneNumber -->
  <testcase classname="TestCases.TestCases" name="TC_012_verifywithInvalidEmailId" time="0.0">
    <skipped/>
  </testcase> <!-- TC_012_verifywithInvalidEmailId -->
  <testcase classname="TestCases.TestCases" name="TC_013_verifywithValidInfo" time="0.0">
    <skipped/>
  </testcase> <!-- TC_013_verifywithValidInfo -->
</testsuite> <!-- Surefire test -->
