<!DOCTYPE html PUBLIC "-//W3C//DTD XHTML 1.1//EN" "https://www.w3.org/TR/xhtml11/DTD/xhtml11.dtd">
<html xmlns="https://www.w3.org/1999/xhtml">
<head>
<meta http-equiv="content-type" content="text/html; charset=UTF-8"/>
<title>TestNG Report</title>
<style type="text/css">table {margin-bottom:10px;border-collapse:collapse;empty-cells:show}th,td {border:1px solid #009;padding:.25em .5em}th {vertical-align:bottom}td {vertical-align:top}table a {font-weight:bold}.stripe td {background-color: #E6EBF9}.num {text-align:right}.passedodd td {background-color: #3F3}.passedeven td {background-color: #0A0}.skippedodd td {background-color: #DDD}.skippedeven td {background-color: #CCC}.failedodd td,.attn {background-color: #F33}.failedeven td,.stripe .attn {background-color: #D00}.stacktrace {white-space:pre;font-family:monospace}.totop {font-size:85%;text-align:center;border-bottom:2px solid #000}.invisible {display:none}</style>
</head>
<body>
<table>
<tr><th>Test</th><th># Passed</th><th># Skipped</th><th># Retried</th><th># Failed</th><th>Time (ms)</th><th>Included Groups</th><th>Excluded Groups</th></tr>
<tr><th colspan="8">Surefire suite</th></tr>
<tr><td><a href="#t0">Surefire test</a></td><td class="num">0</td><td class="num attn">13</td><td class="num">0</td><td class="num">0</td><td class="num">144</td><td></td><td></td></tr>
</table>
<table id='summary'><thead><tr><th>Class</th><th>Method</th><th>Start</th><th>Time (ms)</th></tr></thead><tbody><tr><th colspan="4">Surefire suite</th></tr></tbody><tbody id="t0"><tr><th colspan="4">Surefire test &#8212; failed (configuration methods)</th></tr><tr class="failedeven"><td rowspan="1">TestCases.TestCases</td><td><a href="#m0">setupDriver</a></td><td rowspan="1">1709104536668</td><td rowspan="1">-1709104536668</td></tr><tr><th colspan="4">Surefire test &#8212; skipped (configuration methods)</th></tr><tr class="skippedeven"><td rowspan="1">TestCases.TestCases</td><td><a href="#m1">tearDown</a></td><td rowspan="1">1709104536803</td><td rowspan="1">-1709104536803</td></tr><tr><th colspan="4">Surefire test &#8212; skipped</th></tr><tr class="skippedeven"><td rowspan="13">TestCases.TestCases</td><td><a href="#m2">TC_001_verifyPractoPage</a></td><td rowspan="1">1709104536771</td><td rowspan="1">0</td></tr><tr class="skippedeven"><td><a href="#m3">TC_002_verifyFindDoctorbtn</a></td><td rowspan="1">1709104536781</td><td rowspan="1">0</td></tr><tr class="skippedeven"><td><a href="#m4">TC_003_searchCity</a></td><td rowspan="1">1709104536782</td><td rowspan="1">0</td></tr><tr class="skippedeven"><td><a href="#m5">TC_004_searchSpecialityDentist</a></td><td rowspan="1">1709104536785</td><td rowspan="1">0</td></tr><tr class="skippedeven"><td><a href="#m6">TC_005_selectPatientStory</a></td><td rowspan="1">1709104536787</td><td rowspan="1">0</td></tr><tr class="skippedeven"><td><a href="#m7">TC_006_selectExperience</a></td><td rowspan="1">1709104536788</td><td rowspan="1">0</td></tr><tr class="skippedeven"><td><a href="#m8">TC_007_selectFeesandAvailability</a></td><td rowspan="1">1709104536790</td><td rowspan="1">0</td></tr><tr class="skippedeven"><td><a href="#m9">TC_008_selectRelevance</a></td><td rowspan="1">1709104536791</td><td rowspan="1">0</td></tr><tr class="skippedeven"><td><a href="#m10">TC_010_displayAllSurgeries</a></td><td rowspan="1">1709104536794</td><td rowspan="1">0</td></tr><tr class="skippedeven"><td><a href="#m11">TC_011_verifywithInavlidPhoneNumber</a></td><td rowspan="1">1709104536795</td><td rowspan="1">0</td></tr><tr class="skippedeven"><td><a href="#m12">TC_012_verifywithInvalidEmailId</a></td><td rowspan="1">1709104536797</td><td rowspan="1">0</td></tr><tr class="skippedeven"><td><a href="#m13">TC_013_verifywithValidInfo</a></td><td rowspan="1">1709104536798</td><td rowspan="1">0</td></tr><tr class="skippedeven"><td><a href="#m14">TC_09_extractDoctorDetails</a></td><td rowspan="1">1709104536793</td><td rowspan="1">0</td></tr></tbody>
</table>
<h2>Surefire test</h2><h3 id="m0">TestCases.TestCases#setupDriver</h3><table class="result"><tr><th>Exception</th></tr><tr><td><div class="stacktrace">org.testng.TestNGException: 
Parameter &apos;os&apos; is required by BeforeTest on method setupDriver but has not been marked @Optional or defined

... Removed 26 stack frames</div></td></tr></table><p class="totop"><a href="#summary">back to summary</a></p>
<h3 id="m1">TestCases.TestCases#tearDown</h3><table class="result"><tr><th class="invisible"/></tr></table><p class="totop"><a href="#summary">back to summary</a></p>
<h3 id="m2">TestCases.TestCases#TC_001_verifyPractoPage</h3><table class="result"><tr><th>Exception</th></tr><tr><td><div class="stacktrace">org.testng.TestNGException: 
Parameter &apos;os&apos; is required by BeforeTest on method setupDriver but has not been marked @Optional or defined

... Removed 26 stack frames</div></td></tr></table><p class="totop"><a href="#summary">back to summary</a></p>
<h3 id="m3">TestCases.TestCases#TC_002_verifyFindDoctorbtn</h3><table class="result"><tr><th>Exception</th></tr><tr><td><div class="stacktrace">org.testng.TestNGException: 
Parameter &apos;os&apos; is required by BeforeTest on method setupDriver but has not been marked @Optional or defined

... Removed 26 stack frames</div></td></tr></table><p class="totop"><a href="#summary">back to summary</a></p>
<h3 id="m4">TestCases.TestCases#TC_003_searchCity</h3><table class="result"><tr><th>Exception</th></tr><tr><td><div class="stacktrace">org.testng.TestNGException: 
Parameter &apos;os&apos; is required by BeforeTest on method setupDriver but has not been marked @Optional or defined

... Removed 26 stack frames</div></td></tr></table><p class="totop"><a href="#summary">back to summary</a></p>
<h3 id="m5">TestCases.TestCases#TC_004_searchSpecialityDentist</h3><table class="result"><tr><th>Exception</th></tr><tr><td><div class="stacktrace">org.testng.TestNGException: 
Parameter &apos;os&apos; is required by BeforeTest on method setupDriver but has not been marked @Optional or defined

... Removed 26 stack frames</div></td></tr></table><p class="totop"><a href="#summary">back to summary</a></p>
<h3 id="m6">TestCases.TestCases#TC_005_selectPatientStory</h3><table class="result"><tr><th>Exception</th></tr><tr><td><div class="stacktrace">org.testng.TestNGException: 
Parameter &apos;os&apos; is required by BeforeTest on method setupDriver but has not been marked @Optional or defined

... Removed 26 stack frames</div></td></tr></table><p class="totop"><a href="#summary">back to summary</a></p>
<h3 id="m7">TestCases.TestCases#TC_006_selectExperience</h3><table class="result"><tr><th>Exception</th></tr><tr><td><div class="stacktrace">org.testng.TestNGException: 
Parameter &apos;os&apos; is required by BeforeTest on method setupDriver but has not been marked @Optional or defined

... Removed 26 stack frames</div></td></tr></table><p class="totop"><a href="#summary">back to summary</a></p>
<h3 id="m8">TestCases.TestCases#TC_007_selectFeesandAvailability</h3><table class="result"><tr><th>Exception</th></tr><tr><td><div class="stacktrace">org.testng.TestNGException: 
Parameter &apos;os&apos; is required by BeforeTest on method setupDriver but has not been marked @Optional or defined

... Removed 26 stack frames</div></td></tr></table><p class="totop"><a href="#summary">back to summary</a></p>
<h3 id="m9">TestCases.TestCases#TC_008_selectRelevance</h3><table class="result"><tr><th>Exception</th></tr><tr><td><div class="stacktrace">org.testng.TestNGException: 
Parameter &apos;os&apos; is required by BeforeTest on method setupDriver but has not been marked @Optional or defined

... Removed 26 stack frames</div></td></tr></table><p class="totop"><a href="#summary">back to summary</a></p>
<h3 id="m10">TestCases.TestCases#TC_010_displayAllSurgeries</h3><table class="result"><tr><th>Exception</th></tr><tr><td><div class="stacktrace">org.testng.TestNGException: 
Parameter &apos;os&apos; is required by BeforeTest on method setupDriver but has not been marked @Optional or defined

... Removed 26 stack frames</div></td></tr></table><p class="totop"><a href="#summary">back to summary</a></p>
<h3 id="m11">TestCases.TestCases#TC_011_verifywithInavlidPhoneNumber</h3><table class="result"><tr><th>Exception</th></tr><tr><td><div class="stacktrace">org.testng.TestNGException: 
Parameter &apos;os&apos; is required by BeforeTest on method setupDriver but has not been marked @Optional or defined

... Removed 26 stack frames</div></td></tr></table><p class="totop"><a href="#summary">back to summary</a></p>
<h3 id="m12">TestCases.TestCases#TC_012_verifywithInvalidEmailId</h3><table class="result"><tr><th>Exception</th></tr><tr><td><div class="stacktrace">org.testng.TestNGException: 
Parameter &apos;os&apos; is required by BeforeTest on method setupDriver but has not been marked @Optional or defined

... Removed 26 stack frames</div></td></tr></table><p class="totop"><a href="#summary">back to summary</a></p>
<h3 id="m13">TestCases.TestCases#TC_013_verifywithValidInfo</h3><table class="result"><tr><th>Exception</th></tr><tr><td><div class="stacktrace">org.testng.TestNGException: 
Parameter &apos;os&apos; is required by BeforeTest on method setupDriver but has not been marked @Optional or defined

... Removed 26 stack frames</div></td></tr></table><p class="totop"><a href="#summary">back to summary</a></p>
<h3 id="m14">TestCases.TestCases#TC_09_extractDoctorDetails</h3><table class="result"><tr><th>Exception</th></tr><tr><td><div class="stacktrace">org.testng.TestNGException: 
Parameter &apos;os&apos; is required by BeforeTest on method setupDriver but has not been marked @Optional or defined

... Removed 26 stack frames</div></td></tr></table><p class="totop"><a href="#summary">back to summary</a></p>
</body>
</html>
